<?xml version="1.0" encoding="UTF-8"?>
<!-- Generated by org.testng.reporters.JUnitReportReporter -->
<testsuite hostname="ABHWSST010" failures="0" tests="1" name="com.test.TestData" time="0.014" errors="0" timestamp="2024-02-13T16:38:57 IST" skipped="0">
  <testcase classname="com.test.TestData" name="javaFacker" time="0.014"/>
</testsuite> <!-- com.test.TestData -->
