<?xml version="1.0" encoding="UTF-8"?>
<!-- Generated by org.testng.reporters.JUnitReportReporter -->
<testsuite hostname="ABHWSST010" failures="0" tests="1" name="com.test.Budget" time="58.182" errors="0" timestamp="2023-12-14T12:16:54 IST" skipped="0">
  <testcase classname="com.test.Budget" name="budgetconfig" time="58.182"/>
</testsuite> <!-- com.test.Budget -->
