<?xml version="1.0" encoding="UTF-8"?>
<!-- Generated by org.testng.reporters.JUnitReportReporter -->
<testsuite hostname="ABHWSST010" failures="0" tests="1" name="com.java.HashMaps" time="0.011" errors="0" timestamp="2024-04-02T18:06:48 IST" skipped="0">
  <testcase classname="com.java.HashMaps" name="data" time="0.011"/>
</testsuite> <!-- com.java.HashMaps -->
